<?xml version="1.0" encoding="UTF-8"?>
<!-- Generated by org.testng.reporters.JUnitReportReporter -->
<testsuite skipped="0" hostname="VIGYAN-L-PC11" name="ankita_hrm.FirstMavenScript" tests="1" failures="0" timestamp="15 Oct 2019 06:40:07 GMT" time="23.516" errors="0">
  <testcase name="setUP" time="23.516" classname="ankita_hrm.FirstMavenScript"/>
</testsuite> <!-- ankita_hrm.FirstMavenScript -->
