<?xml version="1.0" encoding="UTF-8"?>
<!-- Generated by org.testng.reporters.JUnitReportReporter -->
<testsuite skipped="0" hostname="VIGYAN-L-PC11" name="ankita_hrm.FirstMavenScript" tests="1" failures="0" timestamp="06 Nov 2019 07:09:17 GMT" time="87.034" errors="0">
  <testcase name="setUP" time="87.034" classname="ankita_hrm.FirstMavenScript"/>
</testsuite> <!-- ankita_hrm.FirstMavenScript -->
